<?xml version="1.0" encoding="UTF-8"?>
<!-- Generated by org.testng.reporters.JUnitReportReporter -->
<testsuite name="com.reqres.test.apis.DataProviderTest" tests="5" time="2.715" ignored="0" failures="0" timestamp="23 Mar 2022 02:12:52 GMT" skipped="0" hostname="Nas" errors="0">
  <testcase name="dataProviderTest" time="0.260" classname="com.reqres.test.apis.DataProviderTest"/>
  <testcase name="dataProviderTest" time="0.267" classname="com.reqres.test.apis.DataProviderTest"/>
  <testcase name="dataProviderTest" time="0.262" classname="com.reqres.test.apis.DataProviderTest"/>
  <testcase name="dataProviderTest" time="0.284" classname="com.reqres.test.apis.DataProviderTest"/>
  <testcase name="dataProviderTest" time="1.642" classname="com.reqres.test.apis.DataProviderTest"/>
</testsuite> <!-- com.reqres.test.apis.DataProviderTest -->
