<?xml version="1.0" encoding="UTF-8"?>
<!-- Generated by org.testng.reporters.JUnitReportReporter -->
<testsuite name="com.reqres.test.apis.ListUserApiTest" tests="1" time="0.098" ignored="0" failures="0" timestamp="23 Mar 2022 02:33:57 GMT" skipped="0" hostname="Nas" errors="0">
  <testcase name="testListUserApi" time="0.098" classname="com.reqres.test.apis.ListUserApiTest"/>
</testsuite> <!-- com.reqres.test.apis.ListUserApiTest -->
