<?xml version="1.0" encoding="UTF-8"?>
<!-- Generated by org.testng.reporters.JUnitReportReporter -->
<testsuite name="com.reqres.test.apis.DataProviderTest" tests="5" time="3.458" ignored="0" failures="0" timestamp="23 Mar 2022 02:33:57 GMT" skipped="0" hostname="Nas" errors="0">
  <testcase name="dataProviderTest" time="0.254" classname="com.reqres.test.apis.DataProviderTest"/>
  <testcase name="dataProviderTest" time="0.246" classname="com.reqres.test.apis.DataProviderTest"/>
  <testcase name="dataProviderTest" time="2.378" classname="com.reqres.test.apis.DataProviderTest"/>
  <testcase name="dataProviderTest" time="0.304" classname="com.reqres.test.apis.DataProviderTest"/>
  <testcase name="dataProviderTest" time="0.276" classname="com.reqres.test.apis.DataProviderTest"/>
</testsuite> <!-- com.reqres.test.apis.DataProviderTest -->
